::1 - - [16/Oct/2017:21:55:03 +0000] "GET / HTTP/1.1" 304 -
::1 - - [17/Oct/2017:20:05:05 +0000] "GET /home HTTP/1.1" 200 21
::1 - - [17/Oct/2017:20:05:09 +0000] "GET /SADFAS HTTP/1.1" 200 21
::1 - - [17/Oct/2017:20:05:15 +0000] "GET / HTTP/1.1" 304 -
::1 - - [17/Oct/2017:20:24:17 +0000] "GET /static HTTP/1.1" 200 21
::1 - - [17/Oct/2017:20:24:32 +0000] "GET /public HTTP/1.1" 200 21
::1 - - [17/Oct/2017:20:24:36 +0000] "GET /static HTTP/1.1" 304 -
::1 - - [17/Oct/2017:20:26:34 +0000] "GET /static HTTP/1.1" 304 -
::1 - - [17/Oct/2017:20:26:40 +0000] "GET /public HTTP/1.1" 304 -
::1 - - [17/Oct/2017:20:26:46 +0000] "GET /static HTTP/1.1" 304 -
::1 - - [17/Oct/2017:20:27:06 +0000] "GET /static/favicon.ico HTTP/1.1" 200 21
::1 - - [17/Oct/2017:20:27:11 +0000] "GET /public/favicon.ico HTTP/1.1" 200 21
::1 - - [17/Oct/2017:20:27:31 +0000] "GET /public/favicon.ico HTTP/1.1" 404 157
::1 - - [17/Oct/2017:20:27:35 +0000] "GET /static/favicon.ico HTTP/1.1" 404 157
::1 - - [17/Oct/2017:20:27:56 +0000] "GET /favicon.ico HTTP/1.1" 404 150
::1 - - [17/Oct/2017:20:28:34 +0000] "GET /favicon.ico HTTP/1.1" 404 150
::1 - - [17/Oct/2017:20:28:43 +0000] "GET /public/favicon.ico HTTP/1.1" 404 157
::1 - - [17/Oct/2017:20:29:04 +0000] "GET /static/favicon.ico HTTP/1.1" 404 157
::1 - - [17/Oct/2017:20:29:47 +0000] "GET /static/favicon.ico HTTP/1.1" 404 157
::1 - - [17/Oct/2017:20:29:56 +0000] "GET /static/favicon.ico HTTP/1.1" 404 157
::1 - - [17/Oct/2017:20:30:01 +0000] "GET /favicon.ico HTTP/1.1" 404 150
::1 - - [17/Oct/2017:20:30:11 +0000] "GET /images/favicon.ico HTTP/1.1" 404 157
::1 - - [17/Oct/2017:20:30:41 +0000] "GET /favicon.ico HTTP/1.1" 404 150
::1 - - [17/Oct/2017:20:31:39 +0000] "GET /favicon.ico HTTP/1.1" 404 150
::1 - - [17/Oct/2017:20:31:48 +0000] "GET /favicon.ico HTTP/1.1" 404 150
::1 - - [17/Oct/2017:20:31:50 +0000] "GET /favicon.ico HTTP/1.1" 404 150
::1 - - [17/Oct/2017:20:32:00 +0000] "GET /static/favicon.ico HTTP/1.1" 404 157
::1 - - [17/Oct/2017:20:32:10 +0000] "GET /PUBLIC/favicon.ico HTTP/1.1" 404 157
::1 - - [17/Oct/2017:20:32:15 +0000] "GET /public/favicon.ico HTTP/1.1" 404 157
::1 - - [17/Oct/2017:20:32:17 +0000] "GET /favicon.ico HTTP/1.1" 404 150
::1 - - [17/Oct/2017:20:32:20 +0000] "GET / HTTP/1.1" 304 -
::1 - - [17/Oct/2017:20:33:00 +0000] "GET / HTTP/1.1" 304 -
::1 - - [17/Oct/2017:20:33:23 +0000] "GET /static HTTP/1.1" 404 145
::1 - - [17/Oct/2017:20:33:28 +0000] "GET /public HTTP/1.1" 404 145
::1 - - [17/Oct/2017:20:33:34 +0000] "GET /public/favicon.ico HTTP/1.1" 404 157
::1 - - [17/Oct/2017:20:33:40 +0000] "GET /static/favicon.ico HTTP/1.1" 404 157
::1 - - [17/Oct/2017:20:35:21 +0000] "GET /me.jpeg HTTP/1.1" 404 146
::1 - - [17/Oct/2017:20:35:26 +0000] "GET /images/me.jpeg HTTP/1.1" 200 16704
::1 - - [17/Oct/2017:20:35:32 +0000] "GET /images/me.jpeg HTTP/1.1" 304 -
::1 - - [17/Oct/2017:20:35:39 +0000] "GET /favicon.ico HTTP/1.1" 200 3778
::1 - - [17/Oct/2017:20:36:12 +0000] "GET /favicon.ico HTTP/1.1" 304 -
::1 - - [17/Oct/2017:20:36:19 +0000] "GET /favicon.icon HTTP/1.1" 200 21
::1 - - [17/Oct/2017:20:36:23 +0000] "GET /images HTTP/1.1" 301 171
::1 - - [17/Oct/2017:20:36:23 +0000] "GET /images/ HTTP/1.1" 200 21
::1 - - [17/Oct/2017:20:36:28 +0000] "GET /images/me.jpeg HTTP/1.1" 304 -
::1 - - [17/Oct/2017:20:36:42 +0000] "GET / HTTP/1.1" 304 -
